[debug] [2025-11-10T21:11:47.586Z] ----------------------------------------------------------------------
[debug] [2025-11-10T21:11:47.590Z] Command:       /home/karyl/.nvm/versions/node/v20.19.4/bin/node /home/karyl/.nvm/versions/node/v20.19.4/bin/firebase init
[debug] [2025-11-10T21:11:47.591Z] CLI Version:   14.24.2
[debug] [2025-11-10T21:11:47.591Z] Platform:      linux
[debug] [2025-11-10T21:11:47.591Z] Node Version:  v20.19.4
[debug] [2025-11-10T21:11:47.592Z] Time:          Mon Nov 10 2025 22:11:47 GMT+0100 (West Africa Standard Time)
[debug] [2025-11-10T21:11:47.592Z] ----------------------------------------------------------------------
[debug] 
[debug] [2025-11-10T21:11:47.595Z] >>> [apiv2][query] GET https://firebase-public.firebaseio.com/cli.json [none]
[info] 
     ######## #### ########  ######## ########     ###     ######  ########
     ##        ##  ##     ## ##       ##     ##  ##   ##  ##       ##
     ######    ##  ########  ######   ########  #########  ######  ######
     ##        ##  ##    ##  ##       ##     ## ##     ##       ## ##
     ##       #### ##     ## ######## ########  ##     ##  ######  ########

You're about to initialize a Firebase project in this directory:

  /home/karyl/Downloads/mystore

[debug] [2025-11-10T21:11:48.343Z] <<< [apiv2][status] GET https://firebase-public.firebaseio.com/cli.json 200
[debug] [2025-11-10T21:11:48.344Z] <<< [apiv2][body] GET https://firebase-public.firebaseio.com/cli.json {"cloudBuildErrorAfter":1594252800000,"cloudBuildWarnAfter":1590019200000,"defaultNode10After":1594252800000,"minVersion":"3.0.5","node8DeploysDisabledAfter":1613390400000,"node8RuntimeDisabledAfter":1615809600000,"node8WarnAfter":1600128000000}
[info] 
=== Project Setup
[info] 
[info] First, let's associate this project directory with a Firebase project.
[info] You can create multiple project aliases by running firebase use --add, 
[info] 
[debug] [2025-11-10T21:12:19.176Z] > command requires scopes: ["email","openid","https://www.googleapis.com/auth/cloudplatformprojects.readonly","https://www.googleapis.com/auth/firebase","https://www.googleapis.com/auth/cloud-platform"]
[debug] [2025-11-10T21:12:19.177Z] > authorizing via signed-in user (k44630137@gmail.com)
[debug] [2025-11-10T21:12:19.179Z] Checked if tokens are valid: false, expires at: 1758727472972
[debug] [2025-11-10T21:12:19.180Z] Checked if tokens are valid: false, expires at: 1758727472972
[debug] [2025-11-10T21:12:19.181Z] > refreshing access token with scopes: []
[debug] [2025-11-10T21:12:19.183Z] >>> [apiv2][query] POST https://www.googleapis.com/oauth2/v3/token [none]
[debug] [2025-11-10T21:12:19.184Z] >>> [apiv2][body] POST https://www.googleapis.com/oauth2/v3/token [omitted]
[debug] [2025-11-10T21:12:19.754Z] <<< [apiv2][status] POST https://www.googleapis.com/oauth2/v3/token 200
[debug] [2025-11-10T21:12:19.755Z] <<< [apiv2][body] POST https://www.googleapis.com/oauth2/v3/token [omitted]
[debug] [2025-11-10T21:12:19.771Z] >>> [apiv2][query] GET https://firebase.googleapis.com/v1beta1/projects pageSize=100
[debug] [2025-11-10T21:12:20.807Z] <<< [apiv2][status] GET https://firebase.googleapis.com/v1beta1/projects 200
[debug] [2025-11-10T21:12:20.808Z] <<< [apiv2][body] GET https://firebase.googleapis.com/v1beta1/projects [omitted]
[info] 
=== Database Setup
[info] 
[info] Firebase Realtime Database Security Rules allow you to define how your data should be
[info] structured and when your data can be read from and written to.
[info] 
[debug] [2025-11-10T21:12:42.295Z] ExitPromptError: User force closed the prompt with SIGINT
    at Interface.sigint (/home/karyl/.nvm/versions/node/v20.19.4/lib/node_modules/firebase-tools/node_modules/@inquirer/core/dist/commonjs/lib/create-prompt.js:101:37)
    at Interface.emit (node:events:524:28)
    at Interface.emit (node:domain:489:12)
    at [_ttyWrite] [as _ttyWrite] (node:internal/readline/interface:1125:18)
    at ReadStream.onkeypress (node:internal/readline/interface:264:20)
    at ReadStream.emit (node:events:536:35)
    at ReadStream.emit (node:domain:489:12)
    at emitKeys (node:internal/readline/utils:371:14)
    at emitKeys.next (<anonymous>)
    at ReadStream.onData (node:internal/readline/emitKeypressEvents:64:36)
[error] 
[error] Error: An unexpected error has occurred.
[debug] [2025-11-10T21:12:45.893Z] ----------------------------------------------------------------------
[debug] [2025-11-10T21:12:45.897Z] Command:       /home/karyl/.nvm/versions/node/v20.19.4/bin/node /home/karyl/.nvm/versions/node/v20.19.4/bin/firebase init
[debug] [2025-11-10T21:12:45.898Z] CLI Version:   14.24.2
[debug] [2025-11-10T21:12:45.898Z] Platform:      linux
[debug] [2025-11-10T21:12:45.898Z] Node Version:  v20.19.4
[debug] [2025-11-10T21:12:45.899Z] Time:          Mon Nov 10 2025 22:12:45 GMT+0100 (West Africa Standard Time)
[debug] [2025-11-10T21:12:45.899Z] ----------------------------------------------------------------------
[debug] 
[info] 
     ######## #### ########  ######## ########     ###     ######  ########
     ##        ##  ##     ## ##       ##     ##  ##   ##  ##       ##
     ######    ##  ########  ######   ########  #########  ######  ######
     ##        ##  ##    ##  ##       ##     ## ##     ##       ## ##
     ##       #### ##     ## ######## ########  ##     ##  ######  ########

You're about to initialize a Firebase project in this directory:

  /home/karyl/Downloads/mystore

[info] 
=== Project Setup
[info] 
[info] First, let's associate this project directory with a Firebase project.
[info] You can create multiple project aliases by running firebase use --add, 
[info] 
[debug] [2025-11-10T21:12:56.566Z] > command requires scopes: ["email","openid","https://www.googleapis.com/auth/cloudplatformprojects.readonly","https://www.googleapis.com/auth/firebase","https://www.googleapis.com/auth/cloud-platform"]
[debug] [2025-11-10T21:12:56.567Z] > authorizing via signed-in user (k44630137@gmail.com)
[debug] [2025-11-10T21:12:56.570Z] Checked if tokens are valid: true, expires at: 1762812738755
[debug] [2025-11-10T21:12:56.571Z] Checked if tokens are valid: true, expires at: 1762812738755
[debug] [2025-11-10T21:12:56.575Z] >>> [apiv2][query] GET https://firebase.googleapis.com/v1beta1/projects/r-th-ff41d [none]
[debug] [2025-11-10T21:12:57.390Z] <<< [apiv2][status] GET https://firebase.googleapis.com/v1beta1/projects/r-th-ff41d 200
[debug] [2025-11-10T21:12:57.390Z] <<< [apiv2][body] GET https://firebase.googleapis.com/v1beta1/projects/r-th-ff41d {"projectId":"r-th-ff41d","projectNumber":"814025703515","displayName":"r-th","name":"projects/r-th-ff41d","resources":{"hostingSite":"r-th-ff41d"},"state":"ACTIVE","etag":"1_ff950cde-e5e0-4995-96a2-52898a26b717"}
[info] i  Using project r-th-ff41d (r-th) . 
[info] 
=== Database Setup
[info] 
[info] Firebase Realtime Database Security Rules allow you to define how your data should be
[info] structured and when your data can be read from and written to.
[info] 
[info] i  database: ensuring required API firebasedatabase.googleapis.com is enabled... 
[debug] [2025-11-10T21:13:00.700Z] Checked if tokens are valid: true, expires at: 1762812738755
[debug] [2025-11-10T21:13:00.700Z] Checked if tokens are valid: true, expires at: 1762812738755
[debug] [2025-11-10T21:13:00.700Z] >>> [apiv2][query] GET https://serviceusage.googleapis.com/v1/projects/r-th-ff41d/services/firebasedatabase.googleapis.com [none]
[debug] [2025-11-10T21:13:00.701Z] >>> [apiv2][(partial)header] GET https://serviceusage.googleapis.com/v1/projects/r-th-ff41d/services/firebasedatabase.googleapis.com x-goog-quota-user=projects/r-th-ff41d
[debug] [2025-11-10T21:13:02.044Z] <<< [apiv2][status] GET https://serviceusage.googleapis.com/v1/projects/r-th-ff41d/services/firebasedatabase.googleapis.com 200
[debug] [2025-11-10T21:13:02.044Z] <<< [apiv2][body] GET https://serviceusage.googleapis.com/v1/projects/r-th-ff41d/services/firebasedatabase.googleapis.com [omitted]
[warn] ⚠  database: missing required API firebasedatabase.googleapis.com. Enabling now... 
[debug] [2025-11-10T21:13:02.045Z] Checked if tokens are valid: true, expires at: 1762812738755
[debug] [2025-11-10T21:13:02.045Z] Checked if tokens are valid: true, expires at: 1762812738755
[debug] [2025-11-10T21:13:02.046Z] >>> [apiv2][query] POST https://serviceusage.googleapis.com/v1/projects/r-th-ff41d/services/firebasedatabase.googleapis.com:enable [none]
[debug] [2025-11-10T21:13:02.046Z] >>> [apiv2][(partial)header] POST https://serviceusage.googleapis.com/v1/projects/r-th-ff41d/services/firebasedatabase.googleapis.com:enable x-goog-quota-user=projects/r-th-ff41d
[debug] [2025-11-10T21:13:03.259Z] <<< [apiv2][status] POST https://serviceusage.googleapis.com/v1/projects/r-th-ff41d/services/firebasedatabase.googleapis.com:enable 200
[debug] [2025-11-10T21:13:03.260Z] <<< [apiv2][body] POST https://serviceusage.googleapis.com/v1/projects/r-th-ff41d/services/firebasedatabase.googleapis.com:enable [omitted]
[info] 
[debug] [2025-11-10T21:13:13.284Z] Checked if tokens are valid: true, expires at: 1762812738755
[debug] [2025-11-10T21:13:13.284Z] Checked if tokens are valid: true, expires at: 1762812738755
[debug] [2025-11-10T21:13:13.284Z] >>> [apiv2][query] GET https://firebase.googleapis.com/v1beta1/projects/r-th-ff41d [none]
[debug] [2025-11-10T21:13:13.955Z] <<< [apiv2][status] GET https://firebase.googleapis.com/v1beta1/projects/r-th-ff41d 200
[debug] [2025-11-10T21:13:13.955Z] <<< [apiv2][body] GET https://firebase.googleapis.com/v1beta1/projects/r-th-ff41d {"projectId":"r-th-ff41d","projectNumber":"814025703515","displayName":"r-th","name":"projects/r-th-ff41d","resources":{"hostingSite":"r-th-ff41d"},"state":"ACTIVE","etag":"1_ff950cde-e5e0-4995-96a2-52898a26b717"}
[debug] [2025-11-10T21:19:13.456Z] ExitPromptError: User force closed the prompt with SIGINT
    at Interface.sigint (/home/karyl/.nvm/versions/node/v20.19.4/lib/node_modules/firebase-tools/node_modules/@inquirer/core/dist/commonjs/lib/create-prompt.js:101:37)
    at Interface.emit (node:events:524:28)
    at Interface.emit (node:domain:489:12)
    at [_ttyWrite] [as _ttyWrite] (node:internal/readline/interface:1125:18)
    at ReadStream.onkeypress (node:internal/readline/interface:264:20)
    at ReadStream.emit (node:events:536:35)
    at ReadStream.emit (node:domain:489:12)
    at emitKeys (node:internal/readline/utils:371:14)
    at emitKeys.next (<anonymous>)
    at ReadStream.onData (node:internal/readline/emitKeypressEvents:64:36)
[error] 
[error] Error: An unexpected error has occurred.
